#
# There is insufficient memory for the Java Runtime Environment to continue.
# Native memory allocation (mmap) failed to map 266338304 bytes for Failed to commit area from 0x0000000702800000 to 0x0000000712600000 of length 266338304.
# Possible reasons:
#   The system is out of physical RAM or swap space
#   The process is running with CompressedOops enabled, and the Java Heap may be blocking the growth of the native heap
# Possible solutions:
#   Reduce memory load on the system
#   Increase physical memory or swap space
#   Check if swap backing store is full
#   Decrease Java heap size (-Xmx/-Xms)
#   Decrease number of Java threads
#   Decrease Java thread stack sizes (-Xss)
#   Set larger code cache with -XX:ReservedCodeCacheSize=
# This output file may be truncated or incomplete.
#
#  Out of Memory Error (./src/hotspot/os/windows/os_windows.cpp:3301), pid=33932, tid=28376
#
# JRE version:  (11.0.10) (build )
# Java VM: OpenJDK 64-Bit Server VM (11.0.10+0-b96-7249189, mixed mode, sharing, tiered, compressed oops, g1 gc, windows-amd64)
# No core dump will be written. Minidumps are not enabled by default on client versions of Windows
#

---------------  S U M M A R Y ------------

Command Line: org.jetbrains.git4idea.http.GitAskPassApp Username for 'https://gitlab-21929541.tapd.cn': 

Host: Intel(R) Core(TM) i7-9750H CPU @ 2.60GHz, 12 cores, 15G,  Windows 10 , 64 bit Build 19041 (10.0.19041.1706)
Time: Sat May 14 16:08:54 2022 中国标准时间 elapsed time: 0.168381 seconds (0d 0h 0m 0s)

---------------  T H R E A D  ---------------

Current thread (0x0000028f0c303000):  JavaThread "Unknown thread" [_thread_in_vm, id=28376, stack(0x000000e888600000,0x000000e888700000)]

Stack: [0x000000e888600000,0x000000e888700000]
Native frames: (J=compiled Java code, j=interpreted, Vv=VM code, C=native code)
V  [jvm.dll+0x5ecfaa]
V  [jvm.dll+0x722bd5]
V  [jvm.dll+0x72412d]
V  [jvm.dll+0x7247e3]
V  [jvm.dll+0x242928]
V  [jvm.dll+0x5ea374]
V  [jvm.dll+0x5df425]
V  [jvm.dll+0x2fdebb]
V  [jvm.dll+0x2fde2a]
V  [jvm.dll+0x2fdd02]
V  [jvm.dll+0x302bf6]
V  [jvm.dll+0x34b2a3]
V  [jvm.dll+0x34b9a6]
V  [jvm.dll+0x34b3a3]
V  [jvm.dll+0x2d8888]
V  [jvm.dll+0x2d9a37]
V  [jvm.dll+0x701737]
V  [jvm.dll+0x702f2c]
V  [jvm.dll+0x3587d9]
V  [jvm.dll+0x6e4fae]
V  [jvm.dll+0x3c0be3]
V  [jvm.dll+0x3c2e91]
C  [jli.dll+0x5373]
C  [ucrtbase.dll+0x21bb2]
C  [KERNEL32.DLL+0x17034]
C  [ntdll.dll+0x52651]


---------------  P R O C E S S  ---------------

Threads class SMR info:
_java_thread_list=0x0000028f0a1632e0, length=0, elements={
}

Java Threads: ( => current thread )

Other Threads:
  0x0000028f0c31a800 GCTaskThread "GC Thread#0" [stack: 0x000000e888700000,0x000000e888800000] [id=30548]
  0x0000028f0c377800 ConcurrentGCThread "G1 Main Marker" [stack: 0x000000e888800000,0x000000e888900000] [id=26688]
  0x0000028f0c37b000 ConcurrentGCThread "G1 Conc#0" [stack: 0x000000e888900000,0x000000e888a00000] [id=32772]

[error occurred during error reporting (printing all threads), id 0xc0000005, EXCEPTION_ACCESS_VIOLATION (0xc0000005) at pc=0x00007ffe38bf9107]

VM state:not at safepoint (not fully initialized)

VM Mutex/Monitor currently owned by a thread:  ([mutex/lock_event])
[0x0000028f0c300280] Heap_lock - owner thread: 0x0000028f0c303000

Heap address: 0x0000000702800000, size: 4056 MB, Compressed Oops mode: Non-zero based: 0x0000000702800000
Narrow klass base: 0x0000000000000000, Narrow klass shift: 0

GC Heap History (0 events):
No events

Deoptimization events (0 events):
No events

Classes redefined (0 events):
No events

Internal exceptions (0 events):
No events

Events (1 events):
Event: 0.011 Loaded shared library E:\Program Files\Android\Android Studio\jre\bin\zip.dll


Dynamic libraries:
0x00007ff7daa00000 - 0x00007ff7daa0a000 	E:\Program Files\Android\Android Studio\jre\bin\java.exe
0x00007ffeae1d0000 - 0x00007ffeae3c5000 	C:\WINDOWS\SYSTEM32\ntdll.dll
0x00007ffead8c0000 - 0x00007ffead97d000 	C:\WINDOWS\System32\KERNEL32.DLL
0x00007ffeabf20000 - 0x00007ffeac1ed000 	C:\WINDOWS\System32\KERNELBASE.dll
0x00007ffeabaa0000 - 0x00007ffeabba0000 	C:\WINDOWS\System32\ucrtbase.dll
0x00007ffe89720000 - 0x00007ffe89737000 	E:\Program Files\Android\Android Studio\jre\bin\VCRUNTIME140.dll
0x00007ffe95fd0000 - 0x00007ffe95fe9000 	E:\Program Files\Android\Android Studio\jre\bin\jli.dll
0x00007ffead4c0000 - 0x00007ffead660000 	C:\WINDOWS\System32\USER32.dll
0x00007ffeaba70000 - 0x00007ffeaba92000 	C:\WINDOWS\System32\win32u.dll
0x00007ffead980000 - 0x00007ffead9aa000 	C:\WINDOWS\System32\GDI32.dll
0x00007ffeabba0000 - 0x00007ffeabcab000 	C:\WINDOWS\System32\gdi32full.dll
0x00007ffe8bc90000 - 0x00007ffe8bf2a000 	C:\WINDOWS\WinSxS\amd64_microsoft.windows.common-controls_6595b64144ccf1df_6.0.19041.1110_none_60b5254171f9507e\COMCTL32.dll
0x00007ffeabe80000 - 0x00007ffeabf1d000 	C:\WINDOWS\System32\msvcp_win.dll
0x00007ffead2a0000 - 0x00007ffead33e000 	C:\WINDOWS\System32\msvcrt.dll
0x00007ffeadf00000 - 0x00007ffeadf30000 	C:\WINDOWS\System32\IMM32.DLL
0x00007ffe64e00000 - 0x00007ffe64e9d000 	E:\Program Files\Android\Android Studio\jre\bin\msvcp140.dll
0x00007ffe38910000 - 0x00007ffe393df000 	E:\Program Files\Android\Android Studio\jre\bin\server\jvm.dll
0x00007ffead660000 - 0x00007ffead70e000 	C:\WINDOWS\System32\ADVAPI32.dll
0x00007ffead340000 - 0x00007ffead3dc000 	C:\WINDOWS\System32\sechost.dll
0x00007ffeadc40000 - 0x00007ffeadd65000 	C:\WINDOWS\System32\RPCRT4.dll
0x00007ffeadc30000 - 0x00007ffeadc38000 	C:\WINDOWS\System32\PSAPI.DLL
0x00007ffe89310000 - 0x00007ffe89319000 	C:\WINDOWS\SYSTEM32\WSOCK32.dll
0x00007ffe8c9d0000 - 0x00007ffe8c9f7000 	C:\WINDOWS\SYSTEM32\WINMM.dll
0x00007ffea0d30000 - 0x00007ffea0d3a000 	C:\WINDOWS\SYSTEM32\VERSION.dll
0x00007ffeadd70000 - 0x00007ffeadddb000 	C:\WINDOWS\System32\WS2_32.dll
0x00007ffeaa1c0000 - 0x00007ffeaa1d2000 	C:\WINDOWS\SYSTEM32\kernel.appcore.dll
0x00007ffe92e20000 - 0x00007ffe92e31000 	E:\Program Files\Android\Android Studio\jre\bin\verify.dll
0x00007ffe8a7b0000 - 0x00007ffe8a994000 	C:\WINDOWS\SYSTEM32\DBGHELP.DLL
0x00007ffe91820000 - 0x00007ffe9184c000 	C:\WINDOWS\SYSTEM32\dbgcore.DLL
0x00007ffeab930000 - 0x00007ffeab9b2000 	C:\WINDOWS\System32\bcryptPrimitives.dll
0x00007ffe903a0000 - 0x00007ffe903c9000 	E:\Program Files\Android\Android Studio\jre\bin\java.dll
0x00007ffea32e0000 - 0x00007ffea32eb000 	E:\Program Files\Android\Android Studio\jre\bin\jimage.dll
0x00007ffe8e660000 - 0x00007ffe8e678000 	E:\Program Files\Android\Android Studio\jre\bin\zip.dll

dbghelp: loaded successfully - version: 4.0.5 - missing functions: none
symbol engine: initialized successfully - sym options: 0x614 - pdb path: .;E:\Program Files\Android\Android Studio\jre\bin;C:\WINDOWS\SYSTEM32;C:\WINDOWS\WinSxS\amd64_microsoft.windows.common-controls_6595b64144ccf1df_6.0.19041.1110_none_60b5254171f9507e;E:\Program Files\Android\Android Studio\jre\bin\server

VM Arguments:
java_command: org.jetbrains.git4idea.http.GitAskPassApp Username for 'https://gitlab-21929541.tapd.cn': 
java_class_path (initial): E:/Program Files/Android/Android Studio/plugins/git4idea/lib/git4idea-rt.jar;E:/Program Files/Android/Android Studio/lib/xmlrpc-2.0.1.jar;E:/Program Files/Android/Android Studio/lib/commons-codec-1.14.jar
Launcher Type: SUN_STANDARD

[Global flags]
     intx CICompilerCount                          = 4                                         {product} {ergonomic}
     uint ConcGCThreads                            = 3                                         {product} {ergonomic}
     uint G1ConcRefinementThreads                  = 10                                        {product} {ergonomic}
   size_t G1HeapRegionSize                         = 1048576                                   {product} {ergonomic}
    uintx GCDrainStackTargetSize                   = 64                                        {product} {ergonomic}
   size_t InitialHeapSize                          = 266338304                                 {product} {ergonomic}
   size_t MarkStackSize                            = 4194304                                   {product} {ergonomic}
   size_t MaxHeapSize                              = 4253024256                                {product} {ergonomic}
   size_t MinHeapDeltaBytes                        = 1048576                                   {product} {ergonomic}
    uintx NonNMethodCodeHeapSize                   = 5836300                                {pd product} {ergonomic}
    uintx NonProfiledCodeHeapSize                  = 122910970                              {pd product} {ergonomic}
    uintx ProfiledCodeHeapSize                     = 122910970                              {pd product} {ergonomic}
    uintx ReservedCodeCacheSize                    = 251658240                              {pd product} {ergonomic}
     bool SegmentedCodeCache                       = true                                      {product} {ergonomic}
     bool UseCompressedClassPointers               = true                                 {lp64_product} {ergonomic}
     bool UseCompressedOops                        = true                                 {lp64_product} {ergonomic}
     bool UseG1GC                                  = true                                      {product} {ergonomic}
     bool UseLargePagesIndividualAllocation        = false                                  {pd product} {ergonomic}

Logging:
Log output configuration:
 #0: stdout all=warning uptime,level,tags
 #1: stderr all=off uptime,level,tags

Environment Variables:
JAVA_HOME=D:\Program Files\Java\jdk-14.0.2
CLASSPATH=.;D:\Program Files\Java\jdk-14.0.2\lib;D:\Program Files\Java\jdk-14.0.2\lib\tools.jar;
PATH=C:\Program Files\Git\mingw64\libexec\git-core;C:\Program Files\Git\mingw64\libexec\git-core;C:\Program Files\Git\mingw64\bin;C:\Program Files\Git\usr\bin;C:\Users\86177\bin;C:\Program Files\NVIDIA GPU Computing Toolkit\CUDA\v11.4\bin;C:\Program Files\NVIDIA GPU Computing Toolkit\CUDA\v11.4\libnvvp;C:\Windows\system32;C:\Windows;C:\Windows\System32\Wbem;C:\Windows\System32\WindowsPowerShell\v1.0;C:\Windows\System32\OpenSSH;C:\Program Files (x86)\NVIDIA Corporation\PhysX\Common;C:\Program Files\NVIDIA Corporation\NVIDIA NvDLISR;C:\Program Files\Intel\WiFi\bin;C:\Program Files\Common Files\Intel\WirelessCommon;C:\WINDOWS\system32;C:\WINDOWS;C:\WINDOWS\System32\Wbem;C:\WINDOWS\System32\WindowsPowerShell\v1.0;C:\WINDOWS\System32\OpenSSH;C:\Program Files (x86)\Yarn\bin;D:\Program Files\MATLAB\R2020a\runtime\win64;D:\Program Files\MATLAB\R2020a\bin;D:\Program Files\MATLAB\MATLAB Runtime\v98\runtime\win64;C:\Program Files\dotnet;C:\Program Files\Microsoft SQL Server\130\Tools\Binn;C:\Program Files\Microsoft SQL Server\Client SDK\ODBC\170\Tools\Binn;D:\Program Files\nodejs;C:\Users\86177\PycharmProjects\pythonProject\venv\Scripts;C:\Program Files\NVIDIA Corporation\Nsight Compute 2021.2.2;D:\Program Files\Java\jdk-14.0.2\bin;D:\Program Files\Java\jdk-14.0.2\jre\bin;C:\Program Files\Git\cmd;C:\Users\86177\AppData\Local\Microsoft\WindowsApps;C:\Users\86177\AppData\Local\Programs\Microsoft VS Code\bin;C:\Users\86177\AppData\Local\Yarn\bin;D:\Program Files\Java\jdk-14.0.2\bin;D:\Program Files\JetBrains\CLion 2020.3.2\bin;C:\Users\86177\AppData\Roaming\npm;E:\迅雷下载\sqlite-tools-win32-x86-3360000\sqlite-tools-win32-x86-3360000;E:\Program Files\JetBrains\PyCharm 2021.2.2\bin;D:\Program Files\Java\jdk-14.0.2\jre\bin;D:\Program Files\JetBrains\IntelliJ IDEA 2021.3.2\bin
USERNAME=86177
DISPLAY=:0.0
LC_ALL=en_US.UTF-8
OS=Windows_NT
PROCESSOR_IDENTIFIER=Intel64 Family 6 Model 158 Stepping 10, GenuineIntel



---------------  S Y S T E M  ---------------

OS: Windows 10 , 64 bit Build 19041 (10.0.19041.1706)
OS uptime: 0 days 5:07 hours

CPU:total 12 (initial active 12) (6 cores per cpu, 2 threads per core) family 6 model 158 stepping 10 microcode 0xb4, cmov, cx8, fxsr, mmx, sse, sse2, sse3, ssse3, sse4.1, sse4.2, popcnt, avx, avx2, aes, clmul, erms, 3dnowpref, lzcnt, ht, tsc, tscinvbit, bmi1, bmi2, adx, fma

Memory: 4k page, system-wide physical 16221M (3007M free)
TotalPageFile size 22036M (AvailPageFile size 212M)
current process WorkingSet (physical memory assigned to process): 10M, peak: 10M
current process commit charge ("private bytes"): 64M, peak: 318M

vm_info: OpenJDK 64-Bit Server VM (11.0.10+0-b96-7249189) for windows-amd64 JRE (11.0.10+0-b96-7249189), built on Mar 31 2021 21:44:00 by "builder" with MS VC++ 14.0 (VS2015)

END.
